#
# There is insufficient memory for the Java Runtime Environment to continue.
# Native memory allocation (malloc) failed to allocate 243776 bytes. Error detail: Chunk::new
# Possible reasons:
#   The system is out of physical RAM or swap space
#   This process is running with CompressedOops enabled, and the Java Heap may be blocking the growth of the native heap
# Possible solutions:
#   Reduce memory load on the system
#   Increase physical memory or swap space
#   Check if swap backing store is full
#   Decrease Java heap size (-Xmx/-Xms)
#   Decrease number of Java threads
#   Decrease Java thread stack sizes (-Xss)
#   Set larger code cache with -XX:ReservedCodeCacheSize=
#   JVM is running with Zero Based Compressed Oops mode in which the Java heap is
#     placed in the first 32GB address space. The Java Heap base address is the
#     maximum limit for the native heap growth. Please use -XX:HeapBaseMinAddress
#     to set the Java Heap base and to place the Java Heap above 32GB virtual address.
# This output file may be truncated or incomplete.
#
#  Out of Memory Error (arena.cpp:191), pid=21248, tid=35232
#
# JRE version: OpenJDK Runtime Environment Microsoft-13106358 (17.0.18+8) (build 17.0.18+8-LTS)
# Java VM: OpenJDK 64-Bit Server VM Microsoft-13106358 (17.0.18+8-LTS, mixed mode, sharing, tiered, compressed oops, compressed class ptrs, g1 gc, windows-amd64)
# No core dump will be written. Minidumps are not enabled by default on client versions of Windows
#

---------------  S U M M A R Y ------------

Command Line: --module-path=C:\Users\ameni\.m2\repository\org\openjfx\javafx-base\21.0.2\javafx-base-21.0.2-win.jar;C:\Users\ameni\.m2\repository\org\openjfx\javafx-base\21.0.2\javafx-base-21.0.2.jar;C:\Users\ameni\.m2\repository\org\openjfx\javafx-controls\21.0.2\javafx-controls-21.0.2-win.jar;C:\Users\ameni\.m2\repository\org\openjfx\javafx-controls\21.0.2\javafx-controls-21.0.2.jar;C:\Users\ameni\.m2\repository\org\openjfx\javafx-fxml\21.0.2\javafx-fxml-21.0.2-win.jar;C:\Users\ameni\.m2\repository\org\openjfx\javafx-fxml\21.0.2\javafx-fxml-21.0.2.jar;C:\Users\ameni\.m2\repository\org\openjfx\javafx-graphics\21.0.2\javafx-graphics-21.0.2-win.jar;C:\Users\ameni\.m2\repository\org\openjfx\javafx-graphics\21.0.2\javafx-graphics-21.0.2.jar --add-modules=javafx.base,javafx.controls,javafx.fxml,javafx.graphics tn.esprit.utils.MainFX

Host: AMD Ryzen 7 6800HS with Radeon Graphics        , 16 cores, 23G,  Windows 11 , 64 bit Build 26100 (10.0.26100.8115)
Time: Mon Apr 13 23:51:41 2026 Afr. centrale Ouest elapsed time: 53.666958 seconds (0d 0h 0m 53s)

---------------  T H R E A D  ---------------

Current thread (0x0000018bf3efc2b0):  JavaThread "C2 CompilerThread1" daemon [_thread_in_native, id=35232, stack(0x0000004891b00000,0x0000004891c00000)]


Current CompileTask:
C2:53667 4068 %     4       com.sun.marlin.MaskMarlinAlphaConsumer::setAndClearRelativeAlphas @ 507 (641 bytes)

Stack: [0x0000004891b00000,0x0000004891c00000]
Native frames: (J=compiled Java code, j=interpreted, Vv=VM code, C=native code)
V  [jvm.dll+0x68c879]  (no source info available)
V  [jvm.dll+0x845979]  (no source info available)
V  [jvm.dll+0x8476e8]  (no source info available)
V  [jvm.dll+0x847d73]  (no source info available)
V  [jvm.dll+0x24cf6f]  (no source info available)
V  [jvm.dll+0xaecb6]  (no source info available)
V  [jvm.dll+0xaf35c]  (no source info available)
V  [jvm.dll+0x37174e]  (no source info available)
V  [jvm.dll+0x1c08f9]  (no source info available)
V  [jvm.dll+0x21e080]  (no source info available)
V  [jvm.dll+0x21d36d]  (no source info available)
V  [jvm.dll+0x1a8ce6]  (no source info available)
V  [jvm.dll+0x22db1b]  (no source info available)
V  [jvm.dll+0x22bca6]  (no source info available)
V  [jvm.dll+0x7fbabb]  (no source info available)
V  [jvm.dll+0x7f5ebc]  (no source info available)
V  [jvm.dll+0x68de17]  (no source info available)
C  [ucrtbase.dll+0x37b0]  (no source info available)
C  [KERNEL32.DLL+0x2e8d7]  (no source info available)
C  [ntdll.dll+0x8c3fc]  (no source info available)


---------------  P R O C E S S  ---------------

Threads class SMR info:
_java_thread_list=0x0000018be94844c0, length=24, elements={
0x0000018bf9b59100, 0x0000018bfef931b0, 0x0000018bfef968f0, 0x0000018bfefb1c20,
0x0000018bfefb25e0, 0x0000018bfefb3b10, 0x0000018bfefb5040, 0x0000018bfefb6950,
0x0000018bfefb8ae0, 0x0000018bfefc6a30, 0x0000018bfef7f1d0, 0x0000018be84bde40,
0x0000018be86d6b80, 0x0000018be89b1f70, 0x0000018be899a230, 0x0000018be8f918e0,
0x0000018be8fe5e20, 0x0000018be905a8d0, 0x0000018be905a3c0, 0x0000018be905cc40,
0x0000018bf3efd7f0, 0x0000018bf3efd2a0, 0x0000018bf3efc2b0, 0x0000018bf3efdd40
}

Java Threads: ( => current thread )
  0x0000018bf9b59100 JavaThread "main" [_thread_blocked, id=25636, stack(0x000000488e900000,0x000000488ea00000)]
  0x0000018bfef931b0 JavaThread "Reference Handler" daemon [_thread_blocked, id=30384, stack(0x000000488f000000,0x000000488f100000)]
  0x0000018bfef968f0 JavaThread "Finalizer" daemon [_thread_blocked, id=16428, stack(0x000000488f100000,0x000000488f200000)]
  0x0000018bfefb1c20 JavaThread "Signal Dispatcher" daemon [_thread_blocked, id=13672, stack(0x000000488f200000,0x000000488f300000)]
  0x0000018bfefb25e0 JavaThread "Attach Listener" daemon [_thread_blocked, id=30548, stack(0x000000488f300000,0x000000488f400000)]
  0x0000018bfefb3b10 JavaThread "Service Thread" daemon [_thread_blocked, id=35744, stack(0x000000488f400000,0x000000488f500000)]
  0x0000018bfefb5040 JavaThread "Monitor Deflation Thread" daemon [_thread_blocked, id=35252, stack(0x000000488f500000,0x000000488f600000)]
  0x0000018bfefb6950 JavaThread "C2 CompilerThread0" daemon [_thread_in_native, id=13556, stack(0x000000488f600000,0x000000488f700000)]
  0x0000018bfefb8ae0 JavaThread "C1 CompilerThread0" daemon [_thread_blocked, id=20444, stack(0x000000488f700000,0x000000488f800000)]
  0x0000018bfefc6a30 JavaThread "Sweeper thread" daemon [_thread_blocked, id=23252, stack(0x000000488f800000,0x000000488f900000)]
  0x0000018bfef7f1d0 JavaThread "Common-Cleaner" daemon [_thread_blocked, id=23696, stack(0x000000488fa00000,0x000000488fb00000)]
  0x0000018be84bde40 JavaThread "Notification Thread" daemon [_thread_blocked, id=34240, stack(0x0000004890200000,0x0000004890300000)]
  0x0000018be86d6b80 JavaThread "QuantumRenderer-0" daemon [_thread_blocked, id=20268, stack(0x0000004890400000,0x0000004890500000)]
  0x0000018be89b1f70 JavaThread "InvokeLaterDispatcher" daemon [_thread_blocked, id=27364, stack(0x000000488fc00000,0x000000488fd00000)]
  0x0000018be899a230 JavaThread "JavaFX Application Thread" [_thread_in_native, id=20108, stack(0x000000488fe00000,0x000000488ff00000)]
  0x0000018be8f918e0 JavaThread "JavaFX-Launcher" [_thread_blocked, id=27908, stack(0x000000488fd00000,0x000000488fe00000)]
  0x0000018be8fe5e20 JavaThread "Thread-2" daemon [_thread_in_native, id=31988, stack(0x0000004891100000,0x0000004891200000)]
  0x0000018be905a8d0 JavaThread "mysql-cj-abandoned-connection-cleanup" daemon [_thread_blocked, id=31308, stack(0x0000004891900000,0x0000004891a00000)]
  0x0000018be905a3c0 JavaThread "Prism Font Disposer" daemon [_thread_blocked, id=32056, stack(0x0000004892000000,0x0000004892100000)]
  0x0000018be905cc40 JavaThread "Cleaner-0" daemon [_thread_blocked, id=7808, stack(0x0000004892a00000,0x0000004892b00000)]
  0x0000018bf3efd7f0 JavaThread "C1 CompilerThread1" daemon [_thread_blocked, id=35400, stack(0x000000488f900000,0x000000488fa00000)]
  0x0000018bf3efd2a0 JavaThread "C1 CompilerThread2" daemon [_thread_blocked, id=18708, stack(0x000000488fb00000,0x000000488fc00000)]
=>0x0000018bf3efc2b0 JavaThread "C2 CompilerThread1" daemon [_thread_in_native, id=35232, stack(0x0000004891b00000,0x0000004891c00000)]
  0x0000018bf3efdd40 JavaThread "C1 CompilerThread3" daemon [_thread_blocked, id=22312, stack(0x0000004891c00000,0x0000004891d00000)]

Other Threads:
  0x0000018bfef8ccf0 VMThread "VM Thread" [stack: 0x000000488ef00000,0x000000488f000000] [id=33148]
  0x0000018be8104630 WatcherThread [stack: 0x0000004890300000,0x0000004890400000] [id=33040]
  0x0000018bf9be24d0 GCTaskThread "GC Thread#0" [stack: 0x000000488ea00000,0x000000488eb00000] [id=22384]
  0x0000018be8947960 GCTaskThread "GC Thread#1" [stack: 0x0000004891200000,0x0000004891300000] [id=9168]
  0x0000018be8947c30 GCTaskThread "GC Thread#2" [stack: 0x0000004891300000,0x0000004891400000] [id=34544]
  0x0000018be89484a0 GCTaskThread "GC Thread#3" [stack: 0x0000004891400000,0x0000004891500000] [id=34784]
  0x0000018be89470f0 GCTaskThread "GC Thread#4" [stack: 0x0000004891500000,0x0000004891600000] [id=11620]
  0x0000018be8947690 GCTaskThread "GC Thread#5" [stack: 0x0000004891600000,0x0000004891700000] [id=34864]
  0x0000018be8946880 GCTaskThread "GC Thread#6" [stack: 0x0000004891700000,0x0000004891800000] [id=33184]
  0x0000018be8946b50 GCTaskThread "GC Thread#7" [stack: 0x0000004891800000,0x0000004891900000] [id=17704]
  0x0000018bf38900a0 GCTaskThread "GC Thread#8" [stack: 0x0000004892100000,0x0000004892200000] [id=24248]
  0x0000018bf388f290 GCTaskThread "GC Thread#9" [stack: 0x0000004892200000,0x0000004892300000] [id=15448]
  0x0000018bf388fb00 GCTaskThread "GC Thread#10" [stack: 0x0000004892300000,0x0000004892400000] [id=17208]
  0x0000018bf388e480 GCTaskThread "GC Thread#11" [stack: 0x0000004892400000,0x0000004892500000] [id=17720]
  0x0000018bf3890370 GCTaskThread "GC Thread#12" [stack: 0x0000004892500000,0x0000004892600000] [id=11460]
  0x0000018bf9beef90 ConcurrentGCThread "G1 Main Marker" [stack: 0x000000488eb00000,0x000000488ec00000] [id=2068]
  0x0000018bf9bf13d0 ConcurrentGCThread "G1 Conc#0" [stack: 0x000000488ec00000,0x000000488ed00000] [id=28160]
  0x0000018bf3890640 ConcurrentGCThread "G1 Conc#1" [stack: 0x0000004892600000,0x0000004892700000] [id=3812]
  0x0000018bf388f560 ConcurrentGCThread "G1 Conc#2" [stack: 0x0000004892700000,0x0000004892800000] [id=24924]
  0x0000018bfeecd840 ConcurrentGCThread "G1 Refine#0" [stack: 0x000000488ed00000,0x000000488ee00000] [id=21744]
  0x0000018bfeece120 ConcurrentGCThread "G1 Service" [stack: 0x000000488ee00000,0x000000488ef00000] [id=29772]

Threads with active compile tasks:
C2 CompilerThread0  54687 4045   !   4       javafx.scene.CssStyleHelper::transitionToState (1039 bytes)
C2 CompilerThread1  54687 4068 %     4       com.sun.marlin.MaskMarlinAlphaConsumer::setAndClearRelativeAlphas @ 507 (641 bytes)

VM state: not at safepoint (normal execution)

VM Mutex/Monitor currently owned by a thread: None

Heap address: 0x000000068c000000, size: 5952 MB, Compressed Oops mode: Zero based, Oop shift amount: 3

CDS archive(s) mapped at: [0x0000018ba3000000-0x0000018ba3bb0000-0x0000018ba3bb0000), size 12255232, SharedBaseAddress: 0x0000018ba3000000, ArchiveRelocationMode: 1.
Compressed class space mapped at: 0x0000018ba4000000-0x0000018be4000000, reserved size: 1073741824
Narrow klass base: 0x0000018ba3000000, Narrow klass shift: 0, Narrow klass range: 0x100000000

GC Precious Log:
 CPUs: 16 total, 16 available
 Memory: 23802M
 Large Page Support: Disabled
 NUMA Support: Disabled
 Compressed Oops: Enabled (Zero based)
 Heap Region Size: 4M
 Heap Min Capacity: 8M
 Heap Initial Capacity: 372M
 Heap Max Capacity: 5952M
 Pre-touch: Disabled
 Parallel Workers: 13
 Concurrent Workers: 3
 Concurrent Refinement Workers: 13
 Periodic GC: Disabled

Heap:
 garbage-first heap   total 69632K, used 13865K [0x000000068c000000, 0x0000000800000000)
  region size 4096K, 3 young (12288K), 2 survivors (8192K)
 Metaspace       used 25235K, committed 25472K, reserved 1114112K
  class space    used 3523K, committed 3648K, reserved 1048576K

Heap Regions: E=young(eden), S=young(survivor), O=old, HS=humongous(starts), HC=humongous(continues), CS=collection set, F=free, OA=open archive, CA=closed archive, TAMS=top-at-mark-start (previous, next)
|   0|0x000000068c000000, 0x000000068c085200, 0x000000068c400000| 13%| O|  |TAMS 0x000000068c085200, 0x000000068c000000| Complete 
|   1|0x000000068c400000, 0x000000068c800000, 0x000000068c800000|100%| O|  |TAMS 0x000000068c400000, 0x000000068c400000| Untracked 
|   2|0x000000068c800000, 0x000000068cc00000, 0x000000068cc00000|100%| O|  |TAMS 0x000000068c800000, 0x000000068c800000| Untracked 
|   3|0x000000068cc00000, 0x000000068cc04800, 0x000000068d000000|  0%| O|  |TAMS 0x000000068cc00000, 0x000000068cc00000| Untracked 
|   4|0x000000068d000000, 0x000000068d000000, 0x000000068d400000|  0%| F|  |TAMS 0x000000068d000000, 0x000000068d000000| Untracked 
|   5|0x000000068d400000, 0x000000068d500b60, 0x000000068d800000| 25%| S|CS|TAMS 0x000000068d400000, 0x000000068d400000| Complete 
|   6|0x000000068d800000, 0x000000068dc00000, 0x000000068dc00000|100%| S|CS|TAMS 0x000000068d800000, 0x000000068d800000| Complete 
|   7|0x000000068dc00000, 0x000000068dc00000, 0x000000068e000000|  0%| F|  |TAMS 0x000000068dc00000, 0x000000068dc00000| Untracked 
|   8|0x000000068e000000, 0x000000068e000000, 0x000000068e400000|  0%| F|  |TAMS 0x000000068e000000, 0x000000068e000000| Untracked 
|   9|0x000000068e400000, 0x000000068e400000, 0x000000068e800000|  0%| F|  |TAMS 0x000000068e400000, 0x000000068e400000| Untracked 
|  10|0x000000068e800000, 0x000000068e800000, 0x000000068ec00000|  0%| F|  |TAMS 0x000000068e800000, 0x000000068e800000| Untracked 
|  11|0x000000068ec00000, 0x000000068ec00000, 0x000000068f000000|  0%| F|  |TAMS 0x000000068ec00000, 0x000000068ec00000| Untracked 
|  12|0x000000068f000000, 0x000000068f000000, 0x000000068f400000|  0%| F|  |TAMS 0x000000068f000000, 0x000000068f000000| Untracked 
|  88|0x00000006a2000000, 0x00000006a2000000, 0x00000006a2400000|  0%| F|  |TAMS 0x00000006a2000000, 0x00000006a2000000| Untracked 
|  89|0x00000006a2400000, 0x00000006a2400000, 0x00000006a2800000|  0%| F|  |TAMS 0x00000006a2400000, 0x00000006a2400000| Untracked 
|  90|0x00000006a2800000, 0x00000006a2800000, 0x00000006a2c00000|  0%| F|  |TAMS 0x00000006a2800000, 0x00000006a2800000| Untracked 
|  92|0x00000006a3000000, 0x00000006a3077828, 0x00000006a3400000| 11%| E|  |TAMS 0x00000006a3000000, 0x00000006a3000000| Complete 

Card table byte_map: [0x0000018bfb030000,0x0000018bfbbd0000] _byte_map_base: 0x0000018bf7bd0000

Marking Bits (Prev, Next): (CMBitMap*) 0x0000018bf9be2b40, (CMBitMap*) 0x0000018bf9be2b00
 Prev Bits: [0x0000018b9c7c0000, 0x0000018ba24c0000)
 Next Bits: [0x0000018b96ac0000, 0x0000018b9c7c0000)

Polling page: 0x0000018bf7970000

Metaspace:

Usage:
  Non-class:     21.20 MB used.
      Class:      3.44 MB used.
       Both:     24.64 MB used.

Virtual space:
  Non-class space:       64.00 MB reserved,      21.31 MB ( 33%) committed,  1 nodes.
      Class space:        1.00 GB reserved,       3.56 MB ( <1%) committed,  1 nodes.
             Both:        1.06 GB reserved,      24.88 MB (  2%) committed. 

Chunk freelists:
   Non-Class:  9.81 MB
       Class:  12.45 MB
        Both:  22.27 MB

MaxMetaspaceSize: unlimited
CompressedClassSpaceSize: 1.00 GB
Initial GC threshold: 21.00 MB
Current GC threshold: 35.12 MB
CDS: on
MetaspaceReclaimPolicy: balanced
 - commit_granule_bytes: 65536.
 - commit_granule_words: 8192.
 - virtual_space_node_default_size: 8388608.
 - enlarge_chunks_in_place: 1.
 - new_chunks_are_fully_committed: 0.
 - uncommit_free_chunks: 1.
 - use_allocation_guard: 0.
 - handle_deallocations: 1.


Internal statistics:

num_allocs_failed_limit: 3.
num_arena_births: 210.
num_arena_deaths: 0.
num_vsnodes_births: 2.
num_vsnodes_deaths: 0.
num_space_committed: 398.
num_space_uncommitted: 0.
num_chunks_returned_to_freelist: 3.
num_chunks_taken_from_freelist: 899.
num_chunk_merges: 3.
num_chunk_splits: 649.
num_chunks_enlarged: 514.
num_inconsistent_stats: 0.

CodeHeap 'non-profiled nmethods': size=119168Kb used=1546Kb max_used=1546Kb free=117621Kb
 bounds [0x0000018b8f660000, 0x0000018b8f8d0000, 0x0000018b96ac0000]
CodeHeap 'profiled nmethods': size=119104Kb used=8463Kb max_used=8463Kb free=110641Kb
 bounds [0x0000018b87ac0000, 0x0000018b88310000, 0x0000018b8ef10000]
CodeHeap 'non-nmethods': size=7488Kb used=3185Kb max_used=3193Kb free=4302Kb
 bounds [0x0000018b8ef10000, 0x0000018b8f270000, 0x0000018b8f660000]
 total_blobs=5014 nmethods=4139 adapters=784
 compilation: enabled
              stopped_count=0, restarted_count=0
 full_count=0

Compilation events (20 events):
Event: 51.648 Thread 0x0000018bfefb8ae0 nmethod 4136 0x0000018b882fd490 code [0x0000018b882fd680, 0x0000018b882fdb48]
Event: 51.648 Thread 0x0000018bfefb8ae0 4137       3       java.nio.FloatBuffer::clear (7 bytes)
Event: 51.648 Thread 0x0000018bf3efdd40 4138       3       com.sun.prism.d3d.D3DShader::setConstants (56 bytes)
Event: 51.648 Thread 0x0000018bf3efd2a0 4139       3       com.sun.prism.d3d.D3DShader::getRegister (80 bytes)
Event: 51.649 Thread 0x0000018bf3efd7f0 nmethod 4135 0x0000018b882fdd10 code [0x0000018b882fdf80, 0x0000018b882fe918]
Event: 51.649 Thread 0x0000018bfefb8ae0 nmethod 4137 0x0000018b882fec10 code [0x0000018b882fedc0, 0x0000018b882fef38]
Event: 51.649 Thread 0x0000018bf3efdd40 nmethod 4138 0x0000018b882ff010 code [0x0000018b882ff1e0, 0x0000018b882ff5a8]
Event: 51.649 Thread 0x0000018bf3efd7f0 4140       3       com.sun.javafx.font.CompositeStrike::getAAMode (18 bytes)
Event: 51.649 Thread 0x0000018bf3efd2a0 nmethod 4139 0x0000018b882ff710 code [0x0000018b882ff960, 0x0000018b88300388]
Event: 51.649 Thread 0x0000018bf3efd7f0 nmethod 4140 0x0000018b88300710 code [0x0000018b883008c0, 0x0000018b88300b68]
Event: 51.649 Thread 0x0000018bf3efd7f0 4141       3       com.sun.prism.impl.VertexBuffer::setPerVertexColor (63 bytes)
Event: 51.649 Thread 0x0000018bf3efd7f0 nmethod 4141 0x0000018b88300c90 code [0x0000018b88300e80, 0x0000018b883010b8]
Event: 51.650 Thread 0x0000018bf3efd7f0 4142       3       com.sun.javafx.geom.transform.AffineBase::transform (19 bytes)
Event: 51.650 Thread 0x0000018bf3efd2a0 4143       3       com.sun.javafx.geom.transform.AffineBase::doTransform (657 bytes)
Event: 51.650 Thread 0x0000018bf3efd7f0 nmethod 4142 0x0000018b88301190 code [0x0000018b88301340, 0x0000018b88301488]
Event: 51.650 Thread 0x0000018bf3efd7f0 4144       3       com.sun.javafx.geom.transform.Translate2D::getDegree (4 bytes)
Event: 51.650 Thread 0x0000018bf3efd2a0 nmethod 4143 0x0000018b88301590 code [0x0000018b88301880, 0x0000018b88302b48]
Event: 51.650 Thread 0x0000018bf3efd7f0 nmethod 4144 0x0000018b88303510 code [0x0000018b883036a0, 0x0000018b883037b8]
Event: 51.650 Thread 0x0000018bf3efd2a0 4145       3       com.sun.javafx.sg.prism.NGNode::renderForcedContent (1 bytes)
Event: 51.651 Thread 0x0000018bf3efd2a0 nmethod 4145 0x0000018b88303890 code [0x0000018b88303a20, 0x0000018b88303b38]

GC Heap History (8 events):
Event: 0.890 GC heap before
{Heap before GC invocations=0 (full 0):
 garbage-first heap   total 380928K, used 20480K [0x000000068c000000, 0x0000000800000000)
  region size 4096K, 5 young (20480K), 0 survivors (0K)
 Metaspace       used 4046K, committed 4288K, reserved 1114112K
  class space    used 437K, committed 576K, reserved 1048576K
}
Event: 0.892 GC heap after
{Heap after GC invocations=1 (full 0):
 garbage-first heap   total 380928K, used 2577K [0x000000068c000000, 0x0000000800000000)
  region size 4096K, 1 young (4096K), 1 survivors (4096K)
 Metaspace       used 4046K, committed 4288K, reserved 1114112K
  class space    used 437K, committed 576K, reserved 1048576K
}
Event: 1.657 GC heap before
{Heap before GC invocations=1 (full 0):
 garbage-first heap   total 380928K, used 47633K [0x000000068c000000, 0x0000000800000000)
  region size 4096K, 12 young (49152K), 1 survivors (4096K)
 Metaspace       used 20685K, committed 20928K, reserved 1114112K
  class space    used 2746K, committed 2880K, reserved 1048576K
}
Event: 1.661 GC heap after
{Heap after GC invocations=2 (full 0):
 garbage-first heap   total 380928K, used 8724K [0x000000068c000000, 0x0000000800000000)
  region size 4096K, 2 young (8192K), 2 survivors (8192K)
 Metaspace       used 20685K, committed 20928K, reserved 1114112K
  class space    used 2746K, committed 2880K, reserved 1048576K
}
Event: 1.698 GC heap before
{Heap before GC invocations=2 (full 0):
 garbage-first heap   total 380928K, used 12820K [0x000000068c000000, 0x0000000800000000)
  region size 4096K, 4 young (16384K), 2 survivors (8192K)
 Metaspace       used 21286K, committed 21504K, reserved 1114112K
  class space    used 2870K, committed 3008K, reserved 1048576K
}
Event: 1.701 GC heap after
{Heap after GC invocations=3 (full 0):
 garbage-first heap   total 380928K, used 9393K [0x000000068c000000, 0x0000000800000000)
  region size 4096K, 3 young (12288K), 3 survivors (12288K)
 Metaspace       used 21286K, committed 21504K, reserved 1114112K
  class space    used 2870K, committed 3008K, reserved 1048576K
}
Event: 5.952 GC heap before
{Heap before GC invocations=4 (full 0):
 garbage-first heap   total 69632K, used 38065K [0x000000068c000000, 0x0000000800000000)
  region size 4096K, 10 young (40960K), 3 survivors (12288K)
 Metaspace       used 25144K, committed 25408K, reserved 1114112K
  class space    used 3523K, committed 3648K, reserved 1048576K
}
Event: 5.960 GC heap after
{Heap after GC invocations=5 (full 0):
 garbage-first heap   total 69632K, used 13865K [0x000000068c000000, 0x0000000800000000)
  region size 4096K, 2 young (8192K), 2 survivors (8192K)
 Metaspace       used 25144K, committed 25408K, reserved 1114112K
  class space    used 3523K, committed 3648K, reserved 1048576K
}

Dll operation events (20 events):
Event: 0.212 Loaded shared library C:\Users\ameni\.openjfx\cache\21.0.2+5\amd64\api-ms-win-crt-multibyte-l1-1-0.dll
Event: 0.214 Loaded shared library C:\Users\ameni\.openjfx\cache\21.0.2+5\amd64\api-ms-win-crt-private-l1-1-0.dll
Event: 0.217 Loaded shared library C:\Users\ameni\.openjfx\cache\21.0.2+5\amd64\api-ms-win-crt-process-l1-1-0.dll
Event: 0.219 Loaded shared library C:\Users\ameni\.openjfx\cache\21.0.2+5\amd64\api-ms-win-crt-runtime-l1-1-0.dll
Event: 0.220 Loaded shared library C:\Users\ameni\.openjfx\cache\21.0.2+5\amd64\api-ms-win-crt-stdio-l1-1-0.dll
Event: 0.222 Loaded shared library C:\Users\ameni\.openjfx\cache\21.0.2+5\amd64\api-ms-win-crt-string-l1-1-0.dll
Event: 0.223 Loaded shared library C:\Users\ameni\.openjfx\cache\21.0.2+5\amd64\api-ms-win-crt-time-l1-1-0.dll
Event: 0.225 Loaded shared library C:\Users\ameni\.openjfx\cache\21.0.2+5\amd64\api-ms-win-crt-utility-l1-1-0.dll
Event: 0.234 Loaded shared library C:\Users\ameni\.openjfx\cache\21.0.2+5\amd64\ucrtbase.dll
Event: 0.237 Loaded shared library C:\Users\ameni\.openjfx\cache\21.0.2+5\amd64\vcruntime140.dll
Event: 0.239 Loaded shared library C:\Users\ameni\.openjfx\cache\21.0.2+5\amd64\vcruntime140_1.dll
Event: 0.244 Loaded shared library C:\Users\ameni\.openjfx\cache\21.0.2+5\amd64\msvcp140.dll
Event: 0.247 Loaded shared library C:\Users\ameni\.openjfx\cache\21.0.2+5\amd64\msvcp140_1.dll
Event: 0.251 Loaded shared library C:\Users\ameni\.openjfx\cache\21.0.2+5\amd64\msvcp140_2.dll
Event: 0.277 Loaded shared library C:\Users\ameni\.openjfx\cache\21.0.2+5\amd64\prism_d3d.dll
Event: 0.787 Loaded shared library C:\Users\ameni\.openjfx\cache\21.0.2+5\amd64\glass.dll
Event: 0.903 Loaded shared library C:\Users\ameni\.jdks\ms-17.0.18\bin\jimage.dll
Event: 1.038 Loaded shared library C:\Users\ameni\.jdks\ms-17.0.18\bin\extnet.dll
Event: 1.214 Loaded shared library C:\Users\ameni\.jdks\ms-17.0.18\bin\sunmscapi.dll
Event: 1.361 Loaded shared library C:\Users\ameni\.openjfx\cache\21.0.2+5\amd64\javafx_font.dll

Deoptimization events (20 events):
Event: 3.865 Thread 0x0000018be899a230 Uncommon trap: trap_request=0xffffff45 fr.pc=0x0000018b8f7d6690 relative=0x00000000000009d0
Event: 3.865 Thread 0x0000018be899a230 Uncommon trap: reason=unstable_if action=reinterpret pc=0x0000018b8f7d6690 method=javafx.scene.Node.intersectsBounds(Lcom/sun/javafx/geom/PickRay;)D @ 902 c2
Event: 3.865 Thread 0x0000018be899a230 DEOPT PACKING pc=0x0000018b8f7d6690 sp=0x000000488fefd950
Event: 3.865 Thread 0x0000018be899a230 DEOPT UNPACKING pc=0x0000018b8ef669a3 sp=0x000000488fefd7f8 mode 2
Event: 3.867 Thread 0x0000018be899a230 Uncommon trap: trap_request=0xffffff6e fr.pc=0x0000018b8f7d8208 relative=0x0000000000000208
Event: 3.867 Thread 0x0000018be899a230 Uncommon trap: reason=loop_limit_check action=maybe_recompile pc=0x0000018b8f7d8208 method=javafx.scene.Parent.pickChildrenNode(Lcom/sun/javafx/geom/PickRay;Lcom/sun/javafx/scene/input/PickResultChooser;)Z @ 17 c2
Event: 3.867 Thread 0x0000018be899a230 DEOPT PACKING pc=0x0000018b8f7d8208 sp=0x000000488fefe110
Event: 3.867 Thread 0x0000018be899a230 DEOPT UNPACKING pc=0x0000018b8ef669a3 sp=0x000000488fefdec0 mode 2
Event: 4.792 Thread 0x0000018be899a230 Uncommon trap: trap_request=0xffffff45 fr.pc=0x0000018b8f796e18 relative=0x0000000000000258
Event: 4.792 Thread 0x0000018be899a230 Uncommon trap: reason=unstable_if action=reinterpret pc=0x0000018b8f796e18 method=javafx.scene.Node.transformedBoundsChanged()V @ 4 c2
Event: 4.792 Thread 0x0000018be899a230 DEOPT PACKING pc=0x0000018b8f796e18 sp=0x000000488fefdeb0
Event: 4.792 Thread 0x0000018be899a230 DEOPT UNPACKING pc=0x0000018b8ef669a3 sp=0x000000488fefde60 mode 2
Event: 51.635 Thread 0x0000018be86d6b80 DEOPT PACKING pc=0x0000018b88228695 sp=0x00000048904fd820
Event: 51.635 Thread 0x0000018be86d6b80 DEOPT UNPACKING pc=0x0000018b8ef67143 sp=0x00000048904fcc88 mode 0
Event: 51.644 Thread 0x0000018be86d6b80 DEOPT PACKING pc=0x0000018b88228695 sp=0x00000048904fd4b0
Event: 51.644 Thread 0x0000018be86d6b80 DEOPT UNPACKING pc=0x0000018b8ef67143 sp=0x00000048904fc918 mode 0
Event: 51.646 Thread 0x0000018be86d6b80 DEOPT PACKING pc=0x0000018b88228695 sp=0x00000048904fd4b0
Event: 51.646 Thread 0x0000018be86d6b80 DEOPT UNPACKING pc=0x0000018b8ef67143 sp=0x00000048904fc918 mode 0
Event: 51.648 Thread 0x0000018be86d6b80 DEOPT PACKING pc=0x0000018b88228695 sp=0x00000048904fd4b0
Event: 51.648 Thread 0x0000018be86d6b80 DEOPT UNPACKING pc=0x0000018b8ef67143 sp=0x00000048904fc918 mode 0

Classes loaded (20 events):
Event: 1.993 Loading class java/nio/FloatBuffer
Event: 1.993 Loading class java/nio/FloatBuffer done
Event: 1.993 Loading class java/nio/DoubleBuffer
Event: 1.993 Loading class java/nio/DoubleBuffer done
Event: 1.993 Loading class java/nio/DirectFloatBufferU
Event: 1.993 Loading class java/nio/DirectFloatBufferU done
Event: 2.008 Loading class jdk/internal/ref/CleanerImpl$InnocuousThreadFactory
Event: 2.008 Loading class jdk/internal/ref/CleanerImpl$InnocuousThreadFactory done
Event: 2.012 Loading class sun/misc/Unsafe
Event: 2.013 Loading class sun/misc/Unsafe done
Event: 2.013 Loading class jdk/internal/reflect/UnsafeQualifiedStaticObjectFieldAccessorImpl
Event: 2.013 Loading class jdk/internal/reflect/UnsafeQualifiedStaticFieldAccessorImpl
Event: 2.013 Loading class jdk/internal/reflect/UnsafeQualifiedStaticFieldAccessorImpl done
Event: 2.013 Loading class jdk/internal/reflect/UnsafeQualifiedStaticObjectFieldAccessorImpl done
Event: 2.985 Loading class java/util/EnumMap$Values
Event: 2.985 Loading class java/util/EnumMap$Values done
Event: 2.985 Loading class java/util/EnumMap$ValueIterator
Event: 2.985 Loading class java/util/EnumMap$EnumMapIterator
Event: 2.985 Loading class java/util/EnumMap$EnumMapIterator done
Event: 2.985 Loading class java/util/EnumMap$ValueIterator done

Classes unloaded (0 events):
No events

Classes redefined (0 events):
No events

Internal exceptions (20 events):
Event: 1.201 Thread 0x0000018be899a230 Exception <a 'java/lang/NoSuchMethodError'{0x00000006a206b250}: 'java.lang.Object java.lang.invoke.DirectMethodHandle$Holder.invokeStaticInit(java.lang.Object, java.lang.Object, int, int, int, int)'> (0x00000006a206b250) 
thrown [s\src\hotspot\share\interpreter\linkResolver.cpp, line 759]
Event: 1.316 Thread 0x0000018be899a230 Implicit null exception at 0x0000018b8f6e9c72 to 0x0000018b8f6ea290
Event: 1.316 Thread 0x0000018be899a230 Implicit null exception at 0x0000018b8f6ea8f2 to 0x0000018b8f6eaf34
Event: 1.334 Thread 0x0000018be899a230 Exception <a 'java/lang/NoSuchMethodError'{0x00000006a1861860}: 'java.lang.Object java.lang.invoke.DirectMethodHandle$Holder.invokeStaticInit(java.lang.Object, java.lang.Object, java.lang.Object, java.lang.Object)'> (0x00000006a1861860) 
thrown [s\src\hotspot\share\interpreter\linkResolver.cpp, line 759]
Event: 1.335 Thread 0x0000018be899a230 Exception <a 'java/lang/NullPointerException'{0x00000006a186d518}> (0x00000006a186d518) 
thrown [s\src\hotspot\share\interpreter\linkResolver.cpp, line 1350]
Event: 1.347 Thread 0x0000018be899a230 Exception <a 'java/lang/ClassNotFoundException'{0x00000006a1980b00}: com/sun/glass/ui/win/themes> (0x00000006a1980b00) 
thrown [s\src\hotspot\share\prims\jni.cpp, line 535]
Event: 1.347 Thread 0x0000018be899a230 Exception <a 'java/lang/ClassNotFoundException'{0x00000006a198c778}: com/sun/glass/ui/win/themes_fr> (0x00000006a198c778) 
thrown [s\src\hotspot\share\prims\jni.cpp, line 535]
Event: 1.347 Thread 0x0000018be899a230 Exception <a 'java/lang/ClassNotFoundException'{0x00000006a1994840}: com/sun/glass/ui/win/themes_fr_FR> (0x00000006a1994840) 
thrown [s\src\hotspot\share\prims\jni.cpp, line 535]
Event: 1.398 Thread 0x0000018be899a230 Exception <a 'java/lang/NoSuchMethodError'{0x00000006a171e820}: 'void java.lang.invoke.DirectMethodHandle$Holder.invokeSpecial(java.lang.Object, java.lang.Object, java.lang.Object, java.lang.Object, java.lang.Object)'> (0x00000006a171e820) 
thrown [s\src\hotspot\share\interpreter\linkResolver.cpp, line 759]
Event: 1.536 Thread 0x0000018be899a230 Implicit null exception at 0x0000018b8f70b374 to 0x0000018b8f70b560
Event: 1.537 Thread 0x0000018be899a230 Implicit null exception at 0x0000018b8f70acf4 to 0x0000018b8f70aee0
Event: 1.538 Thread 0x0000018be899a230 Implicit null exception at 0x0000018b8f67dbaf to 0x0000018b8f67dc29
Event: 1.592 Thread 0x0000018be899a230 Exception <a 'java/io/FileNotFoundException'{0x00000006a0bacfc0}> (0x00000006a0bacfc0) 
thrown [s\src\hotspot\share\prims\jni.cpp, line 516]
Event: 1.622 Thread 0x0000018be899a230 Exception <a 'java/lang/NoSuchMethodError'{0x00000006a05e63b0}: 'java.lang.Object java.lang.invoke.DirectMethodHandle$Holder.invokeInterface(java.lang.Object, java.lang.Object, java.lang.Object)'> (0x00000006a05e63b0) 
thrown [s\src\hotspot\share\interpreter\linkResolver.cpp, line 759]
Event: 1.622 Thread 0x0000018be899a230 Exception <a 'java/lang/IncompatibleClassChangeError'{0x00000006a05e9a78}: Found class java.lang.Object, but interface was expected> (0x00000006a05e9a78) 
thrown [s\src\hotspot\share\interpreter\linkResolver.cpp, line 826]
Event: 1.668 Thread 0x0000018be899a230 Exception <a 'java/lang/ClassNotFoundException'{0x00000006a3061990}: com/sun/javafx/scene/control/skin/resources/controls> (0x00000006a3061990) 
thrown [s\src\hotspot\share\prims\jni.cpp, line 535]
Event: 1.668 Thread 0x0000018be899a230 Exception <a 'java/lang/ClassNotFoundException'{0x00000006a306fdc0}: com/sun/javafx/scene/control/skin/resources/controls_fr> (0x00000006a306fdc0) 
thrown [s\src\hotspot\share\prims\jni.cpp, line 535]
Event: 1.668 Thread 0x0000018be899a230 Exception <a 'java/lang/ClassNotFoundException'{0x00000006a31b0040}: com/sun/javafx/scene/control/skin/resources/controls_fr_FR> (0x00000006a31b0040) 
thrown [s\src\hotspot\share\prims\jni.cpp, line 535]
Event: 1.804 Thread 0x0000018be899a230 Exception <a 'java/lang/NoSuchMethodError'{0x000000068ec40bf0}: 'void java.lang.invoke.DirectMethodHandle$Holder.invokeSpecial(java.lang.Object, java.lang.Object, java.lang.Object, java.lang.Object, java.lang.Object, java.lang.Object)'> (0x000000068ec40bf0) 
thrown [s\src\hotspot\share\interpreter\linkResolver.cpp, line 759]
Event: 1.935 Thread 0x0000018be899a230 Exception <a 'java/lang/NoSuchMethodError'{0x000000068e58e450}: 'java.lang.Object java.lang.invoke.DirectMethodHandle$Holder.newInvokeSpecial(java.lang.Object, java.lang.Object, int)'> (0x000000068e58e450) 
thrown [s\src\hotspot\share\interpreter\linkResolver.cpp, line 759]

VM Operations (20 events):
Event: 1.802 Executing VM operation: HandshakeAllThreads
Event: 1.802 Executing VM operation: HandshakeAllThreads done
Event: 1.802 Executing VM operation: HandshakeAllThreads
Event: 1.802 Executing VM operation: HandshakeAllThreads done
Event: 1.847 Executing VM operation: ICBufferFull
Event: 1.847 Executing VM operation: ICBufferFull done
Event: 1.967 Executing VM operation: ICBufferFull
Event: 1.967 Executing VM operation: ICBufferFull done
Event: 2.056 Executing VM operation: HandshakeAllThreads
Event: 2.056 Executing VM operation: HandshakeAllThreads done
Event: 3.056 Executing VM operation: Cleanup
Event: 3.056 Executing VM operation: Cleanup done
Event: 4.056 Executing VM operation: Cleanup
Event: 4.056 Executing VM operation: Cleanup done
Event: 5.061 Executing VM operation: Cleanup
Event: 5.061 Executing VM operation: Cleanup done
Event: 5.952 Executing VM operation: G1CollectForAllocation
Event: 5.960 Executing VM operation: G1CollectForAllocation done
Event: 52.334 Executing VM operation: Cleanup
Event: 52.334 Executing VM operation: Cleanup done

Memory protections (0 events):
No events

Nmethod flushes (0 events):
No events

Events (20 events):
Event: 0.880 Thread 0x0000018ba26aeef0 Thread exited: 0x0000018ba26aeef0
Event: 0.882 Thread 0x0000018bf9b59100 Thread added: 0x0000018be8f918e0
Event: 0.895 Thread 0x0000018be8fe5e20 Thread added: 0x0000018be8fe5e20
Event: 0.951 Thread 0x0000018be899a230 Thread added: 0x0000018be905a8d0
Event: 0.975 Thread 0x0000018bfefc5030 Thread added: 0x0000018be907b160
Event: 1.200 Thread 0x0000018bfefc5030 Thread added: 0x0000018be9373ce0
Event: 1.490 Thread 0x0000018bfefc5030 Thread added: 0x0000018be9509950
Event: 1.617 Thread 0x0000018be899a230 Thread added: 0x0000018be905a3c0
Event: 1.850 Thread 0x0000018bfefc5030 Thread added: 0x0000018bf3efe290
Event: 2.008 Thread 0x0000018be86d6b80 Thread added: 0x0000018be905cc40
Event: 2.927 Thread 0x0000018bf3efe290 Thread exited: 0x0000018bf3efe290
Event: 2.927 Thread 0x0000018be9509950 Thread exited: 0x0000018be9509950
Event: 2.983 Thread 0x0000018be9373ce0 Thread exited: 0x0000018be9373ce0
Event: 3.085 Thread 0x0000018be907b160 Thread exited: 0x0000018be907b160
Event: 6.208 Thread 0x0000018ba26bea20 Thread exited: 0x0000018ba26bea20
Event: 7.001 Thread 0x0000018bfefc5030 Thread exited: 0x0000018bfefc5030
Event: 51.634 Thread 0x0000018bfefb8ae0 Thread added: 0x0000018bf3efd7f0
Event: 51.635 Thread 0x0000018bf3efd7f0 Thread added: 0x0000018bf3efd2a0
Event: 51.637 Thread 0x0000018bf3efd2a0 Thread added: 0x0000018bf3efc2b0
Event: 51.642 Thread 0x0000018bf3efd7f0 Thread added: 0x0000018bf3efdd40


Dynamic libraries:
0x00007ff6fb6b0000 - 0x00007ff6fb6be000 	C:\Users\ameni\.jdks\ms-17.0.18\bin\java.exe
0x00007ff9cf120000 - 0x00007ff9cf387000 	C:\WINDOWS\SYSTEM32\ntdll.dll
0x00007ff9ce690000 - 0x00007ff9ce759000 	C:\WINDOWS\System32\KERNEL32.DLL
0x00007ff9cbeb0000 - 0x00007ff9cc2a4000 	C:\WINDOWS\System32\KERNELBASE.dll
0x00007ff9cbca0000 - 0x00007ff9cbdeb000 	C:\WINDOWS\System32\ucrtbase.dll
0x00007ff9c5420000 - 0x00007ff9c5438000 	C:\Users\ameni\.jdks\ms-17.0.18\bin\jli.dll
0x00007ff9be240000 - 0x00007ff9be25e000 	C:\Users\ameni\.jdks\ms-17.0.18\bin\VCRUNTIME140.dll
0x00007ff9ce4c0000 - 0x00007ff9ce685000 	C:\WINDOWS\System32\USER32.dll
0x00007ff9b3f70000 - 0x00007ff9b4203000 	C:\WINDOWS\WinSxS\amd64_microsoft.windows.common-controls_6595b64144ccf1df_6.0.26100.8115_none_3e075c82e3354f9c\COMCTL32.dll
0x00007ff9ccd10000 - 0x00007ff9ccd37000 	C:\WINDOWS\System32\win32u.dll
0x00007ff9cda10000 - 0x00007ff9cdab9000 	C:\WINDOWS\System32\msvcrt.dll
0x00007ff9cdb60000 - 0x00007ff9cdb8b000 	C:\WINDOWS\System32\GDI32.dll
0x00007ff9cb9f0000 - 0x00007ff9cbb1a000 	C:\WINDOWS\System32\gdi32full.dll
0x00007ff9cc2b0000 - 0x00007ff9cc353000 	C:\WINDOWS\System32\msvcp_win.dll
0x00007ff9cd5d0000 - 0x00007ff9cd602000 	C:\WINDOWS\System32\IMM32.DLL
0x00007ff9c6260000 - 0x00007ff9c626c000 	C:\Users\ameni\.jdks\ms-17.0.18\bin\vcruntime140_1.dll
0x00007ff9be1b0000 - 0x00007ff9be239000 	C:\Users\ameni\.jdks\ms-17.0.18\bin\msvcp140.dll
0x00007ff93d670000 - 0x00007ff93e2ea000 	C:\Users\ameni\.jdks\ms-17.0.18\bin\server\jvm.dll
0x00007ff9cd510000 - 0x00007ff9cd5c6000 	C:\WINDOWS\System32\ADVAPI32.dll
0x00007ff9ce410000 - 0x00007ff9ce4b7000 	C:\WINDOWS\System32\sechost.dll
0x00007ff9cd3f0000 - 0x00007ff9cd508000 	C:\WINDOWS\System32\RPCRT4.dll
0x00007ff9cf000000 - 0x00007ff9cf080000 	C:\WINDOWS\System32\WS2_32.dll
0x00007ff9cb850000 - 0x00007ff9cb8ae000 	C:\WINDOWS\SYSTEM32\POWRPROF.dll
0x00007ff9be930000 - 0x00007ff9be966000 	C:\WINDOWS\SYSTEM32\WINMM.dll
0x00007ff9c5340000 - 0x00007ff9c534b000 	C:\WINDOWS\SYSTEM32\VERSION.dll
0x00007ff9cb830000 - 0x00007ff9cb844000 	C:\WINDOWS\SYSTEM32\UMPDC.dll
0x00007ff9ca780000 - 0x00007ff9ca79b000 	C:\WINDOWS\SYSTEM32\kernel.appcore.dll
0x00007ff9be1a0000 - 0x00007ff9be1aa000 	C:\Users\ameni\.jdks\ms-17.0.18\bin\jimage.dll
0x00007ff9c4000000 - 0x00007ff9c4242000 	C:\WINDOWS\SYSTEM32\DBGHELP.DLL
0x00007ff9ccf60000 - 0x00007ff9cd2e2000 	C:\WINDOWS\System32\combase.dll
0x00007ff9cd930000 - 0x00007ff9cda07000 	C:\WINDOWS\System32\OLEAUT32.dll
0x00007ff99e730000 - 0x00007ff99e76b000 	C:\WINDOWS\SYSTEM32\dbgcore.DLL
0x00007ff9ccc60000 - 0x00007ff9ccd05000 	C:\WINDOWS\System32\bcryptPrimitives.dll
0x00007ff9be170000 - 0x00007ff9be196000 	C:\Users\ameni\.jdks\ms-17.0.18\bin\java.dll
0x00007ff99eca0000 - 0x00007ff99ed76000 	C:\Users\ameni\.jdks\ms-17.0.18\bin\jsvml.dll
0x00007ff9cdc00000 - 0x00007ff9ce366000 	C:\WINDOWS\System32\SHELL32.dll
0x00007ff9ccd40000 - 0x00007ff9cceaa000 	C:\WINDOWS\System32\wintypes.dll
0x00007ff9cc3f0000 - 0x00007ff9ccc55000 	C:\WINDOWS\System32\windows.storage.dll
0x00007ff9cd2f0000 - 0x00007ff9cd3e7000 	C:\WINDOWS\System32\SHCORE.dll
0x00007ff9cdb90000 - 0x00007ff9cdbf6000 	C:\WINDOWS\System32\shlwapi.dll
0x00007ff9cb910000 - 0x00007ff9cb939000 	C:\WINDOWS\SYSTEM32\profapi.dll
0x00007ff9ba7e0000 - 0x00007ff9ba7fb000 	C:\Users\ameni\.jdks\ms-17.0.18\bin\net.dll
0x00007ff9c66e0000 - 0x00007ff9c680d000 	C:\WINDOWS\SYSTEM32\WINHTTP.dll
0x00007ff9cacf0000 - 0x00007ff9cad5c000 	C:\WINDOWS\system32\mswsock.dll
0x00007ff9ba7a0000 - 0x00007ff9ba7b6000 	C:\Users\ameni\.jdks\ms-17.0.18\bin\nio.dll
0x00007ff9ba780000 - 0x00007ff9ba798000 	C:\Users\ameni\.jdks\ms-17.0.18\bin\zip.dll
0x0000018ba29d0000 - 0x0000018ba29d3000 	C:\Users\ameni\.openjfx\cache\21.0.2+5\amd64\api-ms-win-core-console-l1-1-0.dll
0x0000018ba29e0000 - 0x0000018ba29e3000 	C:\Users\ameni\.openjfx\cache\21.0.2+5\amd64\api-ms-win-core-console-l1-2-0.dll
0x0000018ba29f0000 - 0x0000018ba29f3000 	C:\Users\ameni\.openjfx\cache\21.0.2+5\amd64\api-ms-win-core-datetime-l1-1-0.dll
0x0000018ba2a00000 - 0x0000018ba2a03000 	C:\Users\ameni\.openjfx\cache\21.0.2+5\amd64\api-ms-win-core-debug-l1-1-0.dll
0x0000018ba2a10000 - 0x0000018ba2a13000 	C:\Users\ameni\.openjfx\cache\21.0.2+5\amd64\api-ms-win-core-errorhandling-l1-1-0.dll
0x0000018ba2a20000 - 0x0000018ba2a24000 	C:\Users\ameni\.openjfx\cache\21.0.2+5\amd64\api-ms-win-core-file-l1-1-0.dll
0x0000018ba2a30000 - 0x0000018ba2a33000 	C:\Users\ameni\.openjfx\cache\21.0.2+5\amd64\api-ms-win-core-file-l1-2-0.dll
0x0000018ba2a40000 - 0x0000018ba2a43000 	C:\Users\ameni\.openjfx\cache\21.0.2+5\amd64\api-ms-win-core-file-l2-1-0.dll
0x0000018ba2a50000 - 0x0000018ba2a53000 	C:\Users\ameni\.openjfx\cache\21.0.2+5\amd64\api-ms-win-core-handle-l1-1-0.dll
0x0000018ba2a60000 - 0x0000018ba2a63000 	C:\Users\ameni\.openjfx\cache\21.0.2+5\amd64\api-ms-win-core-heap-l1-1-0.dll
0x0000018ba2a70000 - 0x0000018ba2a73000 	C:\Users\ameni\.openjfx\cache\21.0.2+5\amd64\api-ms-win-core-interlocked-l1-1-0.dll
0x0000018ba2a80000 - 0x0000018ba2a83000 	C:\Users\ameni\.openjfx\cache\21.0.2+5\amd64\api-ms-win-core-libraryloader-l1-1-0.dll
0x0000018ba2a90000 - 0x0000018ba2a93000 	C:\Users\ameni\.openjfx\cache\21.0.2+5\amd64\api-ms-win-core-localization-l1-2-0.dll
0x0000018ba2aa0000 - 0x0000018ba2aa3000 	C:\Users\ameni\.openjfx\cache\21.0.2+5\amd64\api-ms-win-core-memory-l1-1-0.dll
0x0000018ba2ab0000 - 0x0000018ba2ab3000 	C:\Users\ameni\.openjfx\cache\21.0.2+5\amd64\api-ms-win-core-namedpipe-l1-1-0.dll
0x0000018ba2ac0000 - 0x0000018ba2ac3000 	C:\Users\ameni\.openjfx\cache\21.0.2+5\amd64\api-ms-win-core-processenvironment-l1-1-0.dll
0x0000018ba2ad0000 - 0x0000018ba2ad3000 	C:\Users\ameni\.openjfx\cache\21.0.2+5\amd64\api-ms-win-core-processthreads-l1-1-0.dll
0x0000018ba2ae0000 - 0x0000018ba2ae3000 	C:\Users\ameni\.openjfx\cache\21.0.2+5\amd64\api-ms-win-core-processthreads-l1-1-1.dll
0x0000018ba2af0000 - 0x0000018ba2af3000 	C:\Users\ameni\.openjfx\cache\21.0.2+5\amd64\api-ms-win-core-profile-l1-1-0.dll
0x0000018ba2b00000 - 0x0000018ba2b03000 	C:\Users\ameni\.openjfx\cache\21.0.2+5\amd64\api-ms-win-core-rtlsupport-l1-1-0.dll
0x0000018ba2b10000 - 0x0000018ba2b13000 	C:\Users\ameni\.openjfx\cache\21.0.2+5\amd64\api-ms-win-core-string-l1-1-0.dll
0x0000018ba2b20000 - 0x0000018ba2b23000 	C:\Users\ameni\.openjfx\cache\21.0.2+5\amd64\api-ms-win-core-synch-l1-1-0.dll
0x0000018ba2b30000 - 0x0000018ba2b33000 	C:\Users\ameni\.openjfx\cache\21.0.2+5\amd64\api-ms-win-core-synch-l1-2-0.dll
0x0000018ba2b40000 - 0x0000018ba2b43000 	C:\Users\ameni\.openjfx\cache\21.0.2+5\amd64\api-ms-win-core-sysinfo-l1-1-0.dll
0x0000018ba2b50000 - 0x0000018ba2b53000 	C:\Users\ameni\.openjfx\cache\21.0.2+5\amd64\api-ms-win-core-timezone-l1-1-0.dll
0x0000018ba2b60000 - 0x0000018ba2b63000 	C:\Users\ameni\.openjfx\cache\21.0.2+5\amd64\api-ms-win-core-util-l1-1-0.dll
0x0000018ba2b70000 - 0x0000018ba2b73000 	C:\Users\ameni\.openjfx\cache\21.0.2+5\amd64\api-ms-win-crt-conio-l1-1-0.dll
0x0000018ba2b80000 - 0x0000018ba2b84000 	C:\Users\ameni\.openjfx\cache\21.0.2+5\amd64\api-ms-win-crt-convert-l1-1-0.dll
0x0000018ba2b90000 - 0x0000018ba2b93000 	C:\Users\ameni\.openjfx\cache\21.0.2+5\amd64\api-ms-win-crt-environment-l1-1-0.dll
0x0000018ba2ba0000 - 0x0000018ba2ba3000 	C:\Users\ameni\.openjfx\cache\21.0.2+5\amd64\api-ms-win-crt-filesystem-l1-1-0.dll
0x0000018ba2bb0000 - 0x0000018ba2bb3000 	C:\Users\ameni\.openjfx\cache\21.0.2+5\amd64\api-ms-win-crt-heap-l1-1-0.dll
0x0000018ba2bc0000 - 0x0000018ba2bc3000 	C:\Users\ameni\.openjfx\cache\21.0.2+5\amd64\api-ms-win-crt-locale-l1-1-0.dll
0x0000018ba2bd0000 - 0x0000018ba2bd5000 	C:\Users\ameni\.openjfx\cache\21.0.2+5\amd64\api-ms-win-crt-math-l1-1-0.dll
0x0000018ba2be0000 - 0x0000018ba2be5000 	C:\Users\ameni\.openjfx\cache\21.0.2+5\amd64\api-ms-win-crt-multibyte-l1-1-0.dll
0x0000018ba2bf0000 - 0x0000018ba2c00000 	C:\Users\ameni\.openjfx\cache\21.0.2+5\amd64\api-ms-win-crt-private-l1-1-0.dll
0x0000018ba2c00000 - 0x0000018ba2c03000 	C:\Users\ameni\.openjfx\cache\21.0.2+5\amd64\api-ms-win-crt-process-l1-1-0.dll
0x0000018ba2c10000 - 0x0000018ba2c14000 	C:\Users\ameni\.openjfx\cache\21.0.2+5\amd64\api-ms-win-crt-runtime-l1-1-0.dll
0x0000018ba2c20000 - 0x0000018ba2c24000 	C:\Users\ameni\.openjfx\cache\21.0.2+5\amd64\api-ms-win-crt-stdio-l1-1-0.dll
0x0000018ba2c30000 - 0x0000018ba2c34000 	C:\Users\ameni\.openjfx\cache\21.0.2+5\amd64\api-ms-win-crt-string-l1-1-0.dll
0x0000018ba2c40000 - 0x0000018ba2c43000 	C:\Users\ameni\.openjfx\cache\21.0.2+5\amd64\api-ms-win-crt-time-l1-1-0.dll
0x0000018ba2c50000 - 0x0000018ba2c53000 	C:\Users\ameni\.openjfx\cache\21.0.2+5\amd64\api-ms-win-crt-utility-l1-1-0.dll
0x00007ff99eb50000 - 0x00007ff99ec4c000 	C:\Users\ameni\.openjfx\cache\21.0.2+5\amd64\ucrtbase.dll
0x00007ff9b9820000 - 0x00007ff9b983b000 	C:\Users\ameni\.openjfx\cache\21.0.2+5\amd64\vcruntime140.dll
0x00007ff9b9c10000 - 0x00007ff9b9c1c000 	C:\Users\ameni\.openjfx\cache\21.0.2+5\amd64\vcruntime140_1.dll
0x00007ff99eac0000 - 0x00007ff99eb4e000 	C:\Users\ameni\.openjfx\cache\21.0.2+5\amd64\msvcp140.dll
0x00007ff9b9810000 - 0x00007ff9b9819000 	C:\Users\ameni\.openjfx\cache\21.0.2+5\amd64\msvcp140_1.dll
0x00007ff997090000 - 0x00007ff9970d1000 	C:\Users\ameni\.openjfx\cache\21.0.2+5\amd64\msvcp140_2.dll
0x00007ff9a76b0000 - 0x00007ff9a76e0000 	C:\Users\ameni\.openjfx\cache\21.0.2+5\amd64\prism_d3d.dll
0x00007ff9a69e0000 - 0x00007ff9a6b92000 	C:\WINDOWS\system32\d3d9.dll
0x00007ff9c9700000 - 0x00007ff9c972f000 	C:\WINDOWS\SYSTEM32\dwmapi.dll
0x00007ff9c9540000 - 0x00007ff9c9583000 	C:\WINDOWS\SYSTEM32\dxcore.dll
0x00007ff9c8e80000 - 0x00007ff9c8f29000 	C:\WINDOWS\system32\uxtheme.dll
0x00007ff98c000000 - 0x00007ff98c020000 	C:\WINDOWS\System32\DriverStore\FileRepository\u0198974.inf_amd64_dcac9659486b668a\B025819\atidx9loader64.dll
0x00007ff97e0e0000 - 0x00007ff9807fb000 	C:\WINDOWS\System32\DriverStore\FileRepository\u0198974.inf_amd64_dcac9659486b668a\B025819\AMDXN64.DLL
0x00007ff9ce760000 - 0x00007ff9ce8f7000 	C:\WINDOWS\System32\ole32.dll
0x00007ff9ce900000 - 0x00007ff9ced87000 	C:\WINDOWS\System32\SETUPAPI.dll
0x00007ff9c9590000 - 0x00007ff9c96d1000 	C:\WINDOWS\SYSTEM32\dxgi.dll
0x00007ff9cb8e0000 - 0x00007ff9cb90a000 	C:\WINDOWS\SYSTEM32\BCrypt.dll
0x00007ff9bd760000 - 0x00007ff9bd79c000 	C:\WINDOWS\System32\DriverStore\FileRepository\u0198974.inf_amd64_dcac9659486b668a\B025819\amdihk64.dll
0x00007ff9c6970000 - 0x00007ff9c69d1000 	C:\WINDOWS\SYSTEM32\directxdatabasehelper.dll
0x00007ff9cb560000 - 0x00007ff9cb5b1000 	C:\WINDOWS\SYSTEM32\cfgmgr32.dll
0x00007ff98bfb0000 - 0x00007ff98bff2000 	C:\Users\ameni\.openjfx\cache\21.0.2+5\amd64\glass.dll
0x00007ff9cef00000 - 0x00007ff9cefef000 	C:\WINDOWS\System32\COMDLG32.dll
0x00007ff9ceda0000 - 0x00007ff9ceefc000 	C:\WINDOWS\System32\MSCTF.dll
0x00007ff9ca270000 - 0x00007ff9ca3a2000 	C:\WINDOWS\SYSTEM32\DNSAPI.dll
0x00007ff9ca230000 - 0x00007ff9ca262000 	C:\WINDOWS\SYSTEM32\IPHLPAPI.DLL
0x00007ff9cdad0000 - 0x00007ff9cdada000 	C:\WINDOWS\System32\NSI.dll
0x00007ff9c5330000 - 0x00007ff9c533b000 	C:\Windows\System32\rasadhlp.dll
0x00007ff9c6a50000 - 0x00007ff9c6ad6000 	C:\WINDOWS\System32\fwpuclnt.dll
0x00007ff9be150000 - 0x00007ff9be159000 	C:\Users\ameni\.jdks\ms-17.0.18\bin\extnet.dll
0x00007ff9cafd0000 - 0x00007ff9cafeb000 	C:\WINDOWS\SYSTEM32\CRYPTSP.dll
0x00007ff9ca6e0000 - 0x00007ff9ca719000 	C:\WINDOWS\system32\rsaenh.dll
0x00007ff9cada0000 - 0x00007ff9cadd3000 	C:\WINDOWS\SYSTEM32\USERENV.dll
0x00007ff9caff0000 - 0x00007ff9caffc000 	C:\WINDOWS\SYSTEM32\CRYPTBASE.dll
0x00007ff9c68d0000 - 0x00007ff9c68ed000 	C:\WINDOWS\SYSTEM32\dhcpcsvc6.DLL
0x00007ff9c68a0000 - 0x00007ff9c68c5000 	C:\WINDOWS\SYSTEM32\dhcpcsvc.DLL
0x00007ff9ba710000 - 0x00007ff9ba71e000 	C:\Users\ameni\.jdks\ms-17.0.18\bin\sunmscapi.dll
0x00007ff9cbb20000 - 0x00007ff9cbc97000 	C:\WINDOWS\System32\CRYPT32.dll
0x00007ff9cb1f0000 - 0x00007ff9cb220000 	C:\WINDOWS\SYSTEM32\ncrypt.dll
0x00007ff9cb1a0000 - 0x00007ff9cb1df000 	C:\WINDOWS\SYSTEM32\NTASN1.dll
0x00007ff9b7d10000 - 0x00007ff9b7d24000 	C:\Users\ameni\.openjfx\cache\21.0.2+5\amd64\javafx_font.dll
0x00007ff9c83b0000 - 0x00007ff9c8617000 	C:\WINDOWS\SYSTEM32\dwrite.dll

dbghelp: loaded successfully - version: 4.0.5 - missing functions: none
symbol engine: initialized successfully - sym options: 0x614 - pdb path: .;C:\Users\ameni\.jdks\ms-17.0.18\bin;C:\WINDOWS\SYSTEM32;C:\WINDOWS\WinSxS\amd64_microsoft.windows.common-controls_6595b64144ccf1df_6.0.26100.8115_none_3e075c82e3354f9c;C:\Users\ameni\.jdks\ms-17.0.18\bin\server;C:\Users\ameni\.openjfx\cache\21.0.2+5\amd64;C:\WINDOWS\System32\DriverStore\FileRepository\u0198974.inf_amd64_dcac9659486b668a\B025819;C:\WINDOWS\System32\DriverStore\FileRepository\nvami.inf_amd64_24aca858df2ee864;C:\Program Files\Common Files\Microsoft Shared\Ink

VM Arguments:
jvm_args: --module-path=C:\Users\ameni\.m2\repository\org\openjfx\javafx-base\21.0.2\javafx-base-21.0.2-win.jar;C:\Users\ameni\.m2\repository\org\openjfx\javafx-base\21.0.2\javafx-base-21.0.2.jar;C:\Users\ameni\.m2\repository\org\openjfx\javafx-controls\21.0.2\javafx-controls-21.0.2-win.jar;C:\Users\ameni\.m2\repository\org\openjfx\javafx-controls\21.0.2\javafx-controls-21.0.2.jar;C:\Users\ameni\.m2\repository\org\openjfx\javafx-fxml\21.0.2\javafx-fxml-21.0.2-win.jar;C:\Users\ameni\.m2\repository\org\openjfx\javafx-fxml\21.0.2\javafx-fxml-21.0.2.jar;C:\Users\ameni\.m2\repository\org\openjfx\javafx-graphics\21.0.2\javafx-graphics-21.0.2-win.jar;C:\Users\ameni\.m2\repository\org\openjfx\javafx-graphics\21.0.2\javafx-graphics-21.0.2.jar --add-modules=javafx.base,javafx.controls,javafx.fxml,javafx.graphics 
java_command: tn.esprit.utils.MainFX
java_class_path (initial): C:\Users\ameni\IdeaProjects\Java_project\target\classes;C:\Users\ameni\.m2\repository\com\google\protobuf\protobuf-java\3.21.9\protobuf-java-3.21.9.jar;C:\Users\ameni\.m2\repository\com\mysql\mysql-connector-j\8.0.33\mysql-connector-j-8.0.33.jar
Launcher Type: SUN_STANDARD

[Global flags]
     intx CICompilerCount                          = 12                                        {product} {ergonomic}
     uint ConcGCThreads                            = 3                                         {product} {ergonomic}
     uint G1ConcRefinementThreads                  = 13                                        {product} {ergonomic}
   size_t G1HeapRegionSize                         = 4194304                                   {product} {ergonomic}
    uintx GCDrainStackTargetSize                   = 64                                        {product} {ergonomic}
   size_t InitialHeapSize                          = 390070272                                 {product} {ergonomic}
   size_t MarkStackSize                            = 4194304                                   {product} {ergonomic}
   size_t MaxHeapSize                              = 6241124352                                {product} {ergonomic}
   size_t MaxNewSize                               = 3741319168                                {product} {ergonomic}
   size_t MinHeapDeltaBytes                        = 4194304                                   {product} {ergonomic}
   size_t MinHeapSize                              = 8388608                                   {product} {ergonomic}
    uintx NonNMethodCodeHeapSize                   = 7602480                                {pd product} {ergonomic}
    uintx NonProfiledCodeHeapSize                  = 122027880                              {pd product} {ergonomic}
    uintx ProfiledCodeHeapSize                     = 122027880                              {pd product} {ergonomic}
    uintx ReservedCodeCacheSize                    = 251658240                              {pd product} {ergonomic}
     bool SegmentedCodeCache                       = true                                      {product} {ergonomic}
   size_t SoftMaxHeapSize                          = 6241124352                             {manageable} {ergonomic}
     bool UseCompressedClassPointers               = true                           {product lp64_product} {ergonomic}
     bool UseCompressedOops                        = true                           {product lp64_product} {ergonomic}
     bool UseG1GC                                  = true                                      {product} {ergonomic}
     bool UseLargePagesIndividualAllocation        = false                                  {pd product} {ergonomic}

Logging:
Log output configuration:
 #0: stdout all=warning uptime,level,tags
 #1: stderr all=off uptime,level,tags

Environment Variables:
JAVA_HOME=C:\Users\ameni\.jdks\ms-17.0.18
PATH=C:\oraclexe\app\oracle\product\11.2.0\server\bin;;C:\Program Files (x86)\VMware\VMware Workstation\bin\;C:\Program Files (x86)\Common Files\Oracle\Java\java8path;C:\Program Files (x86)\Common Files\Oracle\Java\javapath;C:\Windows\system32;C:\Windows;C:\Windows\System32\Wbem;C:\Windows\System32\WindowsPowerShell\v1.0\;C:\Windows\System32\OpenSSH\;C:\Program Files (x86)\NVIDIA Corporation\PhysX\Common;C:\Program Files\Microsoft VS Code\bin;C:\wamp64\bin\php\php7.4.33;C:\Program Files\nodejs\;C:\Program Files\dotnet\;C:\xampp\php;C:\Program Files\Microsoft SQL Server\150\Tools\Binn\;C:\Program Files\Microsoft SQL Server\Client SDK\ODBC\170\Tools\Binn\;C:\Program Files (x86)\Windows Kits\10\Windows Performance Toolkit\;C:\composer;C:\wamp64\bin\php\php8.4.0;C:\Program Files\Java\jdk1.8.0_202\bin;C:\Program Files\NVIDIA Corporation\NVIDIA app\NvDLISR;C:\Program Files\Git\cmd;C:\WINDOWS\system32;C:\WINDOWS;C:\WINDOWS\System32\Wbem;C:\WINDOWS\System32\WindowsPowerShell\v1.0\;C:\WINDOWS\System32\OpenSSH\;C:\Users\ameni\scoop\shims;C:\Users\ameni\AppData\Local\Microsoft\WindowsApps;C:\Users\ameni\AppData\Roaming\Composer\vendor\bin;C:\Users\ameni\AppData\Roaming\npm;C:\Users\ameni\AppData\Local\Muse Hub\lib;C:\Users\ameni\.dotnet\tools;C:\Program Files\Java\jdk1.8.0_202\bin;
USERNAME=ameni
OS=Windows_NT
PROCESSOR_IDENTIFIER=AMD64 Family 25 Model 68 Stepping 1, AuthenticAMD
TMP=C:\Users\ameni\AppData\Local\Temp
TEMP=C:\Users\ameni\AppData\Local\Temp



Periodic native trim disabled


---------------  S Y S T E M  ---------------

OS:
 Windows 11 , 64 bit Build 26100 (10.0.26100.8115)
OS uptime: 0 days 12:20 hours

CPU: total 16 (initial active 16) (16 cores per cpu, 2 threads per core) family 25 model 68 stepping 1 microcode 0xa404102, cx8, cmov, fxsr, ht, mmx, 3dnowpref, sse, sse2, sse3, ssse3, sse4a, sse4.1, sse4.2, popcnt, lzcnt, tsc, tscinvbit, avx, avx2, aes, erms, clmul, bmi1, bmi2, adx, sha, fma, vzeroupper, clflush, clflushopt
Processor Information for the first 16 processors :
  Max Mhz: 3201, Current Mhz: 3201, Mhz Limit: 3201

Memory: 4k page, system-wide physical 23802M (6555M free)
TotalPageFile size 29802M (AvailPageFile size 159M)
current process WorkingSet (physical memory assigned to process): 207M, peak: 209M
current process commit charge ("private bytes"): 296M, peak: 590M

vm_info: OpenJDK 64-Bit Server VM (17.0.18+8-LTS) for windows-amd64 JRE (17.0.18+8-LTS), built on Jan 15 2026 18:50:45 by "MicrosoftCorporation" with MS VC++ 17.14 (VS2022)

END.
